Copyright 1986-2022 Xilinx, Inc. All Rights Reserved. Copyright 2022-2025 Advanced Micro Devices, Inc. All Rights Reserved.
--------------------------------------------------------------------------------------------------------------------------------------------------------------
| Tool Version : Vivado v.2025.1 (lin64) Build 6140274 Wed May 21 22:58:25 MDT 2025
| Date         : Mon Jun 23 09:27:06 2025
| Host         : latitude running 64-bit Arch Linux
| Command      : report_methodology -file fpga_top_methodology_drc_routed.rpt -pb fpga_top_methodology_drc_routed.pb -rpx fpga_top_methodology_drc_routed.rpx
| Design       : fpga_top
| Device       : xc7a35ticsg324-1L
| Speed File   : -1L
| Design State : Fully Routed
--------------------------------------------------------------------------------------------------------------------------------------------------------------

Report Methodology

Table of Contents
-----------------
1. REPORT SUMMARY
2. REPORT DETAILS

1. REPORT SUMMARY
-----------------
            Netlist: netlist
          Floorplan: design_1
      Design limits: <entire design considered>
             Max checks: <unlimited>
             Checks found: 28
+-----------+------------------+--------------------------------------------------------+--------+
| Rule      | Severity         | Description                                            | Checks |
+-----------+------------------+--------------------------------------------------------+--------+
| TIMING-17 | Critical Warning | Non-clocked sequential cell                            | 19     |
| TIMING-18 | Warning          | Missing input or output delay                          | 8      |
| XDCC-1    | Warning          | Scoped Clock constraint overwritten with the same name | 1      |
+-----------+------------------+--------------------------------------------------------+--------+

2. REPORT DETAILS
-----------------
TIMING-17#1 Critical Warning
Non-clocked sequential cell  
The clock pin PM_CLKDIV_1/COUNT_reg[0]/C is not reached by a timing clock
Related violations: <none>

TIMING-17#2 Critical Warning
Non-clocked sequential cell  
The clock pin PM_CLKDIV_1/COUNT_reg[1]/C is not reached by a timing clock
Related violations: <none>

TIMING-17#3 Critical Warning
Non-clocked sequential cell  
The clock pin PM_CLKDIV_1/COUNT_reg[2]/C is not reached by a timing clock
Related violations: <none>

TIMING-17#4 Critical Warning
Non-clocked sequential cell  
The clock pin PM_CLKDIV_1/COUNT_reg[3]/C is not reached by a timing clock
Related violations: <none>

TIMING-17#5 Critical Warning
Non-clocked sequential cell  
The clock pin PM_CLKDIV_1/COUNT_reg[4]/C is not reached by a timing clock
Related violations: <none>

TIMING-17#6 Critical Warning
Non-clocked sequential cell  
The clock pin PM_CLKDIV_1/COUNT_reg[5]/C is not reached by a timing clock
Related violations: <none>

TIMING-17#7 Critical Warning
Non-clocked sequential cell  
The clock pin PM_CLKDIV_1/COUNT_reg[6]/C is not reached by a timing clock
Related violations: <none>

TIMING-17#8 Critical Warning
Non-clocked sequential cell  
The clock pin PM_CLKDIV_1/COUNT_reg[7]/C is not reached by a timing clock
Related violations: <none>

TIMING-17#9 Critical Warning
Non-clocked sequential cell  
The clock pin PM_CLKDIV_1/COUNT_reg[8]/C is not reached by a timing clock
Related violations: <none>

TIMING-17#10 Critical Warning
Non-clocked sequential cell  
The clock pin PM_CLKDIV_1/COUNT_reg[9]/C is not reached by a timing clock
Related violations: <none>

TIMING-17#11 Critical Warning
Non-clocked sequential cell  
The clock pin PM_CLKDIV_1/clk_int_reg/C is not reached by a timing clock
Related violations: <none>

TIMING-17#12 Critical Warning
Non-clocked sequential cell  
The clock pin PM_CLKDIV_1K/COUNT_reg[0]/C is not reached by a timing clock
Related violations: <none>

TIMING-17#13 Critical Warning
Non-clocked sequential cell  
The clock pin PM_CLKDIV_1K/COUNT_reg[1]/C is not reached by a timing clock
Related violations: <none>

TIMING-17#14 Critical Warning
Non-clocked sequential cell  
The clock pin PM_CLKDIV_1K/COUNT_reg[2]/C is not reached by a timing clock
Related violations: <none>

TIMING-17#15 Critical Warning
Non-clocked sequential cell  
The clock pin PM_CLKDIV_1K/COUNT_reg[3]/C is not reached by a timing clock
Related violations: <none>

TIMING-17#16 Critical Warning
Non-clocked sequential cell  
The clock pin PM_CLKDIV_1K/COUNT_reg[4]/C is not reached by a timing clock
Related violations: <none>

TIMING-17#17 Critical Warning
Non-clocked sequential cell  
The clock pin PM_CLKDIV_1K/COUNT_reg[5]/C is not reached by a timing clock
Related violations: <none>

TIMING-17#18 Critical Warning
Non-clocked sequential cell  
The clock pin PM_CLKDIV_1K/COUNT_reg[6]/C is not reached by a timing clock
Related violations: <none>

TIMING-17#19 Critical Warning
Non-clocked sequential cell  
The clock pin PM_CLKDIV_1K/clk_int_reg/C is not reached by a timing clock
Related violations: <none>

TIMING-18#1 Warning
Missing input or output delay  
An input delay is missing on rst_n relative to the rising and/or falling clock edge(s) of clk_pad.
Related violations: <none>

TIMING-18#2 Warning
Missing input or output delay  
An output delay is missing on pmod_cs relative to the rising and/or falling clock edge(s) of clk_pad.
Related violations: <none>

TIMING-18#3 Warning
Missing input or output delay  
An output delay is missing on pmod_dc relative to the rising and/or falling clock edge(s) of clk_pad.
Related violations: <none>

TIMING-18#4 Warning
Missing input or output delay  
An output delay is missing on pmod_mosi relative to the rising and/or falling clock edge(s) of clk_pad.
Related violations: <none>

TIMING-18#5 Warning
Missing input or output delay  
An output delay is missing on pmod_res relative to the rising and/or falling clock edge(s) of clk_pad.
Related violations: <none>

TIMING-18#6 Warning
Missing input or output delay  
An output delay is missing on pmod_sclk relative to the rising and/or falling clock edge(s) of clk_pad.
Related violations: <none>

TIMING-18#7 Warning
Missing input or output delay  
An output delay is missing on pmod_vbat relative to the rising and/or falling clock edge(s) of clk_pad.
Related violations: <none>

TIMING-18#8 Warning
Missing input or output delay  
An output delay is missing on pmod_vdd relative to the rising and/or falling clock edge(s) of clk_pad.
Related violations: <none>

XDCC-1#1 Warning
Scoped Clock constraint overwritten with the same name  
A new clock constraint create_clock overrides a previous scoped clock constraint with the same name. It is not recommended to override a scoped (typically an IP) clock constraint and could result in unexpected behaviors.
New: create_clock -period 10.000 -name clk_pad -waveform {0.000 5.000} -add [get_ports clk_pad] (Source: /home/grey/Documents/2025/software projects/digilent-xdc-master/Arty-A7-35-Master.xdc (Line: 11))
Previous: create_clock -period 10.000 [get_ports clk_pad] (Source: /home/grey/Documents/2025/software projects/DigilentArty_PMOD-OLED-bitmap/DigilentArty_PMOD-OLED-bitmap.gen/sources_1/ip/clk_wiz_0/clk_wiz_0.xdc (Line: 53))
Related violations: <none>


