INFO: [VRFC 10-2263] Analyzing Verilog file "/home/grey/Documents/2025/software projects/DigilentArty_PMOD-OLED-bitmap/DigilentArty_PMOD-OLED-bitmap.sim/sim_1/impl/func/xsim/tb_top_func_impl.v" into library xil_defaultlib
INFO: [VRFC 10-311] analyzing module Delay
INFO: [VRFC 10-311] analyzing module OledInit
INFO: [VRFC 10-311] analyzing module OledUser
INFO: [VRFC 10-311] analyzing module PmodOLEDCtrl
INFO: [VRFC 10-311] analyzing module SpiCtrl
INFO: [VRFC 10-311] analyzing module SpiCtrl_0
INFO: [VRFC 10-311] analyzing module clk_wiz_0
INFO: [VRFC 10-311] analyzing module clk_wiz_0_clk_wiz
INFO: [VRFC 10-311] analyzing module clkdiv_1Hz
INFO: [VRFC 10-311] analyzing module clkdiv_1MHz
INFO: [VRFC 10-311] analyzing module clkdiv_1kHz
INFO: [VRFC 10-311] analyzing module fpga_top
INFO: [VRFC 10-311] analyzing module mem_oled_char_lib
INFO: [VRFC 10-311] analyzing module blk_mem_gen_generic_cstr
INFO: [VRFC 10-311] analyzing module blk_mem_gen_prim_width
INFO: [VRFC 10-311] analyzing module blk_mem_gen_prim_wrapper_init
INFO: [VRFC 10-311] analyzing module blk_mem_gen_top
INFO: [VRFC 10-311] analyzing module blk_mem_gen_v8_4_11
INFO: [VRFC 10-311] analyzing module blk_mem_gen_v8_4_11_synth
INFO: [VRFC 10-311] analyzing module glbl
INFO: [VRFC 10-2263] Analyzing SystemVerilog file "/home/grey/Documents/2025/software projects/DigilentArty_PMOD-OLED-bitmap/DigilentArty_PMOD-OLED-bitmap.srcs/sources_1/new/tb_top.sv" into library xil_defaultlib
INFO: [VRFC 10-311] analyzing module tb_top
